<?xml version="1.0" encoding="UTF-8"?>
<testsuite xmlns:xsi="http://www.w3.org/2001/XMLSchema-instance" xsi:noNamespaceSchemaLocation="https://maven.apache.org/surefire/maven-surefire-plugin/xsd/surefire-test-report-3.0.xsd" version="3.0" name="JunitExercise_4.CalculatorTest" time="0.052" tests="2" errors="0" skipped="0" failures="0">
  <properties>
    <property name="java.specification.version" value="24"/>
    <property name="sun.cpu.isalist" value="amd64"/>
    <property name="sun.jnu.encoding" value="Cp1252"/>
    <property name="java.class.path" value="E:\Sampreeth\CTS_JavaFSE_Deepskilling\Week_2\JUnit_Testing_Exercises\Exercise_4\target\test-classes;E:\Sampreeth\CTS_JavaFSE_Deepskilling\Week_2\JUnit_Testing_Exercises\Exercise_4\target\classes;C:\Users\Sampreeth\.m2\repository\junit\junit\4.13.2\junit-4.13.2.jar;C:\Users\Sampreeth\.m2\repository\org\hamcrest\hamcrest-core\1.3\hamcrest-core-1.3.jar;"/>
    <property name="java.vm.vendor" value="Oracle Corporation"/>
    <property name="sun.arch.data.model" value="64"/>
    <property name="user.variant" value=""/>
    <property name="java.vendor.url" value="https://java.oracle.com/"/>
    <property name="user.timezone" value="Asia/Calcutta"/>
    <property name="os.name" value="Windows 11"/>
    <property name="java.vm.specification.version" value="24"/>
    <property name="sun.java.launcher" value="SUN_STANDARD"/>
    <property name="user.country" value="IN"/>
    <property name="sun.boot.library.path" value="C:\Program Files\Java\jdk-24\bin"/>
    <property name="sun.java.command" value="C:\Users\Sampreeth\AppData\Local\Temp\surefire11421042139514661078\surefirebooter-20250624223131064_3.jar C:\Users\Sampreeth\AppData\Local\Temp\surefire11421042139514661078 2025-06-24T22-31-30_988-jvmRun1 surefire-20250624223131064_1tmp surefire_0-20250624223131064_2tmp"/>
    <property name="jdk.debug" value="release"/>
    <property name="surefire.test.class.path" value="E:\Sampreeth\CTS_JavaFSE_Deepskilling\Week_2\JUnit_Testing_Exercises\Exercise_4\target\test-classes;E:\Sampreeth\CTS_JavaFSE_Deepskilling\Week_2\JUnit_Testing_Exercises\Exercise_4\target\classes;C:\Users\Sampreeth\.m2\repository\junit\junit\4.13.2\junit-4.13.2.jar;C:\Users\Sampreeth\.m2\repository\org\hamcrest\hamcrest-core\1.3\hamcrest-core-1.3.jar;"/>
    <property name="sun.cpu.endian" value="little"/>
    <property name="user.home" value="C:\Users\Sampreeth"/>
    <property name="user.language" value="en"/>
    <property name="java.specification.vendor" value="Oracle Corporation"/>
    <property name="java.version.date" value="2025-04-15"/>
    <property name="java.home" value="C:\Program Files\Java\jdk-24"/>
    <property name="file.separator" value="\"/>
    <property name="basedir" value="E:\Sampreeth\CTS_JavaFSE_Deepskilling\Week_2\JUnit_Testing_Exercises\Exercise_4"/>
    <property name="java.vm.compressedOopsMode" value="Zero based"/>
    <property name="line.separator" value="&#10;"/>
    <property name="java.vm.specification.vendor" value="Oracle Corporation"/>
    <property name="java.specification.name" value="Java Platform API Specification"/>
    <property name="surefire.real.class.path" value="C:\Users\Sampreeth\AppData\Local\Temp\surefire11421042139514661078\surefirebooter-20250624223131064_3.jar"/>
    <property name="user.script" value=""/>
    <property name="sun.management.compiler" value="HotSpot 64-Bit Tiered Compilers"/>
    <property name="java.runtime.version" value="24.0.1+9-30"/>
    <property name="user.name" value="Sampreeth"/>
    <property name="stdout.encoding" value="Cp1252"/>
    <property name="path.separator" value=";"/>
    <property name="os.version" value="10.0"/>
    <property name="java.runtime.name" value="Java(TM) SE Runtime Environment"/>
    <property name="file.encoding" value="UTF-8"/>
    <property name="java.vm.name" value="Java HotSpot(TM) 64-Bit Server VM"/>
    <property name="localRepository" value="C:\Users\Sampreeth\.m2\repository"/>
    <property name="java.vendor.url.bug" value="https://bugreport.java.com/bugreport/"/>
    <property name="java.io.tmpdir" value="C:\Users\SAMPRE~1\AppData\Local\Temp\"/>
    <property name="java.version" value="24.0.1"/>
    <property name="user.dir" value="E:\Sampreeth\CTS_JavaFSE_Deepskilling\Week_2\JUnit_Testing_Exercises\Exercise_4"/>
    <property name="os.arch" value="amd64"/>
    <property name="java.vm.specification.name" value="Java Virtual Machine Specification"/>
    <property name="sun.os.patch.level" value=""/>
    <property name="native.encoding" value="Cp1252"/>
    <property name="java.library.path" value="C:\Program Files\Java\jdk-24\bin;C:\WINDOWS\Sun\Java\bin;C:\WINDOWS\system32;C:\WINDOWS;C:\Program Files\Common Files\Oracle\Java\javapath;C:\WINDOWS\system32;C:\WINDOWS;C:\WINDOWS\System32\Wbem;C:\WINDOWS\System32\WindowsPowerShell\v1.0\;C:\WINDOWS\System32\OpenSSH\;C:\ProgramData\chocolatey\bin;C:\Program Files\nodejs\;C:\Program Files\Git\cmd;C:\Program Files (x86)\GnuWin32\bin;C:\Program Files\Java\jdk-24\bin;C:\Program Files\MySQL\MySQL Server 8.0\bin;C:\Program Files\Apache\Maven\apache-maven-3.9.10\bin;C:\Program Files\MySQL\MySQL Shell 8.0\bin\;C:\Users\Sampreeth\AppData\Local\Programs\Python\Python313\Scripts\;C:\Users\Sampreeth\AppData\Local\Programs\Python\Python313\;C:\Users\Sampreeth\AppData\Local\Programs\Python\Launcher\;C:\Users\Sampreeth\AppData\Local\Microsoft\WindowsApps;C:\Users\Sampreeth\AppData\Local\Programs\Microsoft VS Code\bin;C:\Users\Sampreeth\AppData\Local\GitHubDesktop\bin;C:\msys64\ucrt64\bin;C:\Users\Sampreeth\AppData\Roaming\npm;C:\Users\Sampreeth\AppData\Local\Programs\mongosh\;C:\Program Files\Java\jdk-24\bin;;c:\Users\Sampreeth\AppData\Roaming\Code\User\globalStorage\github.copilot-chat\debugCommand;."/>
    <property name="java.vm.info" value="mixed mode, sharing"/>
    <property name="stderr.encoding" value="Cp1252"/>
    <property name="java.vendor" value="Oracle Corporation"/>
    <property name="java.vm.version" value="24.0.1+9-30"/>
    <property name="sun.io.unicode.encoding" value="UnicodeLittle"/>
    <property name="java.class.version" value="68.0"/>
  </properties>
  <testcase name="testMultiplication" classname="JunitExercise_4.CalculatorTest" time="0.007">
    <system-out><![CDATA[Setting up Calculator...
Cleaning up Calculator...
]]></system-out>
  </testcase>
  <testcase name="testAddition" classname="JunitExercise_4.CalculatorTest" time="0.001">
    <system-out><![CDATA[Setting up Calculator...
Cleaning up Calculator...
]]></system-out>
  </testcase>
</testsuite>